<?xml version="1.0" encoding="UTF-8"?>
<!-- Generated by org.testng.reporters.JUnitReportReporter -->
<testsuite hostname="hp" name="demoqa.DemoTest" tests="5" failures="0" timestamp="14 Jul 2020 11:12:43 GMT" time="86.989" errors="0">
  <testcase name="selectMenu" time="11.597" classname="demoqa.DemoTest"/>
  <testcase name="datePicker" time="21.750" classname="demoqa.DemoTest"/>
  <testcase name="selectable" time="19.259" classname="demoqa.DemoTest"/>
  <testcase name="automationPracticeForm" time="21.069" classname="demoqa.DemoTest"/>
  <testcase name="droppable" time="13.314" classname="demoqa.DemoTest"/>
</testsuite> <!-- demoqa.DemoTest -->
