<?xml version="1.0" encoding="UTF-8"?>
<!-- Generated by org.testng.reporters.JUnitReportReporter -->
<testsuite hostname="hp" name="makemytrip.MakeMyTripTest" tests="2" failures="0" timestamp="14 Jul 2020 11:04:31 GMT" time="53.923" errors="0">
  <testcase name="test1" time="20.491" classname="makemytrip.MakeMyTripTest"/>
  <testcase name="test2" time="33.432" classname="makemytrip.MakeMyTripTest"/>
</testsuite> <!-- makemytrip.MakeMyTripTest -->
