<?xml version="1.0" encoding="UTF-8"?>
<!-- Generated by org.testng.reporters.JUnitReportReporter -->
<testsuite hostname="hp" name="demoqa.DemoTest" tests="1" failures="0" timestamp="6 May 2020 09:47:49 GMT" time="12.062" errors="0">
  <testcase name="test1" time="12.062" classname="demoqa.DemoTest"/>
</testsuite> <!-- demoqa.DemoTest -->
