<?xml version="1.0" encoding="UTF-8"?>
<!-- Generated by org.testng.reporters.JUnitReportReporter -->
<testsuite skipped="0" hostname="hp" name="olay.OlayTest" tests="1" failures="0" timestamp="2020-07-14T16:39:17 IST" time="94.491" errors="0">
  <testcase name="registerUser" time="94.491" classname="olay.OlayTest"/>
</testsuite> <!-- olay.OlayTest -->
